<?xml version="1.0" encoding="UTF-8"?>
<!-- Generated by org.testng.reporters.JUnitReportReporter -->
<testsuite hostname="idea-PC" name="gapp.model.dao.ApplicationDaoTest" tests="1" failures="0" timestamp="2 Feb 2016 04:11:29 GMT" time="0.340" errors="0">
  <testcase name="getApplications" time="0.340" classname="gapp.model.dao.ApplicationDaoTest"/>
</testsuite> <!-- gapp.model.dao.ApplicationDaoTest -->
