<?xml version="1.0" encoding="UTF-8"?>
<!-- Generated by org.testng.reporters.JUnitReportReporter -->
<testsuite hostname="idea-PC" name="gapp.model.dao.UserDaoTest" tests="1" failures="0" timestamp="20 Feb 2016 07:46:05 GMT" time="0.073" errors="0">
  <testcase name="getUser" time="0.073" classname="gapp.model.dao.UserDaoTest"/>
</testsuite> <!-- gapp.model.dao.UserDaoTest -->
